{"message":"Bookmark with id 2 not found","level":"error"}
{"message":"Bookmark with id 2 not found","level":"error"}
{"message":"Bookmark with id 2 not found","level":"error"}
{"message":"Bookmark with id 2 not found","level":"error"}
{"message":"Unauthorized request to path: /bookmarks","level":"error"}
{"message":"Rating is not valid","level":"error"}
{"message":"URL is not valid","level":"error"}
{"message":"URL is not valid","level":"error"}
{"message":"Bookmark with id 091e82a7-a5ab-422c-b302-01846a2fab0c created","level":"info"}
{"message":"Bookmark with id 2 deleted","level":"info"}
{"message":"Unauthorized request to path: /","level":"error"}
{"message":"Unauthorized request to path: /bookmarks","level":"error"}
{"message":"Unauthorized request to path: /","level":"error"}
{"message":"Unauthorized request to path: /","level":"error"}
{"message":"Unauthorized request to path: /","level":"error"}
{"message":"Bookmark with id 123 not found","level":"error"}
{"message":"Bookmark with id 123 not found","level":"error"}
{"message":"Bookmark with id 123 not found","level":"error"}
{"message":"Description is required","level":"error"}
{"message":"Description is required","level":"error"}
{"message":"Description is required","level":"error"}
{"message":"Description is required","level":"error"}
{"message":"Bookmark with id 1 created","level":"info"}
{"message":"Bookmark with id 1 created","level":"info"}
{"message":"Bookmark with id 1 created","level":"info"}
{"message":"Bookmark with id 1 created","level":"info"}
{"message":"Bookmark with id 1 created","level":"info"}
{"message":"Bookmark with id 1 created","level":"info"}
{"message":"Bookmark with id 1 created","level":"info"}
{"message":"Bookmark with id 123 not found.","level":"error"}
{"message":"Bookmark with id 123 not found.","level":"error"}
{"message":"Bookmark with id 123 not found.","level":"error"}
{"message":"Bookmark with id 123 not found.","level":"error"}
{"message":"Bookmark with id 123 not found.","level":"error"}
{"message":"Bookmark with id 2 deleted","level":"info"}
{"message":"Bookmark with id 123 not found.","level":"error"}
{"message":"Bookmark with id 2 deleted","level":"info"}
{"message":"Bookmark with id 123 not found.","level":"error"}
{"message":"Bookmark with id 2 deleted","level":"info"}
{"message":"Unauthorized request to path: /api/bookmarks/12345","level":"error"}
{"message":"Bookmark with id 123 not found.","level":"error"}
{"message":"Bookmark with id 2 deleted","level":"info"}
{"message":"Bookmark with id 12345 not found.","level":"error"}
{"message":"Bookmark with id 123 not found.","level":"error"}
{"message":"Bookmark with id 2 deleted","level":"info"}
{"message":"Bookmark with id 12345 not found.","level":"error"}
{"message":"Bookmark with id 123 not found.","level":"error"}
{"message":"Bookmark with id 2 deleted","level":"info"}
{"message":"Bookmark with id 12345 not found.","level":"error"}
{"message":"Bookmark with id 123 not found.","level":"error"}
{"message":"Bookmark with id 2 deleted","level":"info"}
{"message":"Bookmark with id 12345 not found.","level":"error"}
{"message":"Bookmark with id 123 not found.","level":"error"}
{"message":"Bookmark with id 2 deleted","level":"info"}
{"message":"Bookmark with id 12345 not found.","level":"error"}
{"message":"Unauthorized request to path: /api/bookmarks/2","level":"error"}
{"message":"Bookmark with id 123 not found.","level":"error"}
{"message":"Bookmark with id 2 deleted","level":"info"}
{"message":"Bookmark with id 12345 not found.","level":"error"}
{"message":"Bookmark with id 123 not found.","level":"error"}
{"message":"Bookmark with id 2 deleted","level":"info"}
{"message":"Bookmark with id 12345 not found.","level":"error"}
{"message":"Unauthorized request to path: /api/bookmarks/2","level":"error"}
{"message":"Bookmark with id 123 not found.","level":"error"}
{"message":"Bookmark with id 2 deleted","level":"info"}
{"message":"Bookmark with id 12345 not found.","level":"error"}
{"message":"Rating is not valid","level":"error"}
{"message":"Description is required","level":"error"}
